This file contains any messages produced by compilers while
running configure, to aid debugging if configure makes a mistake.

It was created by taulop configure 0.1, which was
generated by GNU Autoconf 2.69.  Invocation command line was

  $ ./configure 

## --------- ##
## Platform. ##
## --------- ##

hostname = sergiohp
uname -m = x86_64
uname -r = 4.10.0-42-generic
uname -s = Linux
uname -v = #46~16.04.1-Ubuntu SMP Mon Dec 4 15:57:59 UTC 2017

/usr/bin/uname -p = unknown
/bin/uname -X     = unknown

/bin/arch              = unknown
/usr/bin/arch -k       = unknown
/usr/convex/getsysinfo = unknown
/usr/bin/hostinfo      = unknown
/bin/machine           = unknown
/usr/bin/oslevel       = unknown
/bin/universe          = unknown

PATH: /home/sergio/bin
PATH: /home/sergio/.local/bin
PATH: /usr/local/sbin
PATH: /usr/local/bin
PATH: /usr/sbin
PATH: /usr/bin
PATH: /sbin
PATH: /bin
PATH: /usr/games
PATH: /usr/local/games
PATH: /snap/bin


## ----------- ##
## Core tests. ##
## ----------- ##

configure:2317: checking for a BSD-compatible install
configure:2385: result: /usr/bin/install -c
configure:2396: checking whether build environment is sane
configure:2451: result: yes
configure:2602: checking for a thread-safe mkdir -p
configure:2641: result: /bin/mkdir -p
configure:2648: checking for gawk
configure:2678: result: no
configure:2648: checking for mawk
configure:2664: found /usr/bin/mawk
configure:2675: result: mawk
configure:2686: checking whether make sets $(MAKE)
configure:2708: result: yes
configure:2737: checking whether make supports nested variables
configure:2754: result: yes
configure:2939: checking for g++
configure:2955: found /usr/bin/g++
configure:2966: result: g++
configure:2993: checking for C++ compiler version
configure:3002: g++ --version >&5
g++ (Ubuntu 5.4.0-6ubuntu1~16.04.4) 5.4.0 20160609
Copyright (C) 2015 Free Software Foundation, Inc.
This is free software; see the source for copying conditions.  There is NO
warranty; not even for MERCHANTABILITY or FITNESS FOR A PARTICULAR PURPOSE.

configure:3013: $? = 0
configure:3002: g++ -v >&5
Using built-in specs.
COLLECT_GCC=g++
COLLECT_LTO_WRAPPER=/usr/lib/gcc/x86_64-linux-gnu/5/lto-wrapper
Target: x86_64-linux-gnu
Configured with: ../src/configure -v --with-pkgversion='Ubuntu 5.4.0-6ubuntu1~16.04.4' --with-bugurl=file:///usr/share/doc/gcc-5/README.Bugs --enable-languages=c,ada,c++,java,go,d,fortran,objc,obj-c++ --prefix=/usr --program-suffix=-5 --enable-shared --enable-linker-build-id --libexecdir=/usr/lib --without-included-gettext --enable-threads=posix --libdir=/usr/lib --enable-nls --with-sysroot=/ --enable-clocale=gnu --enable-libstdcxx-debug --enable-libstdcxx-time=yes --with-default-libstdcxx-abi=new --enable-gnu-unique-object --disable-vtable-verify --enable-libmpx --enable-plugin --with-system-zlib --disable-browser-plugin --enable-java-awt=gtk --enable-gtk-cairo --with-java-home=/usr/lib/jvm/java-1.5.0-gcj-5-amd64/jre --enable-java-home --with-jvm-root-dir=/usr/lib/jvm/java-1.5.0-gcj-5-amd64 --with-jvm-jar-dir=/usr/lib/jvm-exports/java-1.5.0-gcj-5-amd64 --with-arch-directory=amd64 --with-ecj-jar=/usr/share/java/eclipse-ecj.jar --enable-objc-gc --enable-multiarch --disable-werror --with-arch-32=i686 --with-abi=m64 --with-multilib-list=m32,m64,mx32 --enable-multilib --with-tune=generic --enable-checking=release --build=x86_64-linux-gnu --host=x86_64-linux-gnu --target=x86_64-linux-gnu
Thread model: posix
gcc version 5.4.0 20160609 (Ubuntu 5.4.0-6ubuntu1~16.04.4) 
configure:3013: $? = 0
configure:3002: g++ -V >&5
g++: error: unrecognized command line option '-V'
g++: fatal error: no input files
compilation terminated.
configure:3013: $? = 1
configure:3002: g++ -qversion >&5
g++: error: unrecognized command line option '-qversion'
g++: fatal error: no input files
compilation terminated.
configure:3013: $? = 1
configure:3033: checking whether the C++ compiler works
configure:3055: g++    conftest.cpp  >&5
configure:3059: $? = 0
configure:3107: result: yes
configure:3110: checking for C++ compiler default output file name
configure:3112: result: a.out
configure:3118: checking for suffix of executables
configure:3125: g++ -o conftest    conftest.cpp  >&5
configure:3129: $? = 0
configure:3151: result: 
configure:3173: checking whether we are cross compiling
configure:3181: g++ -o conftest    conftest.cpp  >&5
configure:3185: $? = 0
configure:3192: ./conftest
configure:3196: $? = 0
configure:3211: result: no
configure:3216: checking for suffix of object files
configure:3238: g++ -c   conftest.cpp >&5
configure:3242: $? = 0
configure:3263: result: o
configure:3267: checking whether we are using the GNU C++ compiler
configure:3286: g++ -c   conftest.cpp >&5
configure:3286: $? = 0
configure:3295: result: yes
configure:3304: checking whether g++ accepts -g
configure:3324: g++ -c -g  conftest.cpp >&5
configure:3324: $? = 0
configure:3365: result: yes
configure:3399: checking for style of include used by make
configure:3427: result: GNU
configure:3453: checking dependency style of g++
configure:3564: result: gcc3
configure:3609: checking build system type
configure:3623: result: x86_64-pc-linux-gnu
configure:3643: checking host system type
configure:3656: result: x86_64-pc-linux-gnu
configure:3697: checking how to print strings
configure:3724: result: printf
configure:3793: checking for gcc
configure:3809: found /usr/bin/gcc
configure:3820: result: gcc
configure:4049: checking for C compiler version
configure:4058: gcc --version >&5
gcc (Ubuntu 5.4.0-6ubuntu1~16.04.4) 5.4.0 20160609
Copyright (C) 2015 Free Software Foundation, Inc.
This is free software; see the source for copying conditions.  There is NO
warranty; not even for MERCHANTABILITY or FITNESS FOR A PARTICULAR PURPOSE.

configure:4069: $? = 0
configure:4058: gcc -v >&5
Using built-in specs.
COLLECT_GCC=gcc
COLLECT_LTO_WRAPPER=/usr/lib/gcc/x86_64-linux-gnu/5/lto-wrapper
Target: x86_64-linux-gnu
Configured with: ../src/configure -v --with-pkgversion='Ubuntu 5.4.0-6ubuntu1~16.04.4' --with-bugurl=file:///usr/share/doc/gcc-5/README.Bugs --enable-languages=c,ada,c++,java,go,d,fortran,objc,obj-c++ --prefix=/usr --program-suffix=-5 --enable-shared --enable-linker-build-id --libexecdir=/usr/lib --without-included-gettext --enable-threads=posix --libdir=/usr/lib --enable-nls --with-sysroot=/ --enable-clocale=gnu --enable-libstdcxx-debug --enable-libstdcxx-time=yes --with-default-libstdcxx-abi=new --enable-gnu-unique-object --disable-vtable-verify --enable-libmpx --enable-plugin --with-system-zlib --disable-browser-plugin --enable-java-awt=gtk --enable-gtk-cairo --with-java-home=/usr/lib/jvm/java-1.5.0-gcj-5-amd64/jre --enable-java-home --with-jvm-root-dir=/usr/lib/jvm/java-1.5.0-gcj-5-amd64 --with-jvm-jar-dir=/usr/lib/jvm-exports/java-1.5.0-gcj-5-amd64 --with-arch-directory=amd64 --with-ecj-jar=/usr/share/java/eclipse-ecj.jar --enable-objc-gc --enable-multiarch --disable-werror --with-arch-32=i686 --with-abi=m64 --with-multilib-list=m32,m64,mx32 --enable-multilib --with-tune=generic --enable-checking=release --build=x86_64-linux-gnu --host=x86_64-linux-gnu --target=x86_64-linux-gnu
Thread model: posix
gcc version 5.4.0 20160609 (Ubuntu 5.4.0-6ubuntu1~16.04.4) 
configure:4069: $? = 0
configure:4058: gcc -V >&5
gcc: error: unrecognized command line option '-V'
gcc: fatal error: no input files
compilation terminated.
configure:4069: $? = 1
configure:4058: gcc -qversion >&5
gcc: error: unrecognized command line option '-qversion'
gcc: fatal error: no input files
compilation terminated.
configure:4069: $? = 1
configure:4073: checking whether we are using the GNU C compiler
configure:4092: gcc -c   conftest.c >&5
configure:4092: $? = 0
configure:4101: result: yes
configure:4110: checking whether gcc accepts -g
configure:4130: gcc -c -g  conftest.c >&5
configure:4130: $? = 0
configure:4171: result: yes
configure:4188: checking for gcc option to accept ISO C89
configure:4251: gcc  -c -g -O2  conftest.c >&5
configure:4251: $? = 0
configure:4264: result: none needed
configure:4289: checking whether gcc understands -c and -o together
configure:4311: gcc -c conftest.c -o conftest2.o
configure:4314: $? = 0
configure:4311: gcc -c conftest.c -o conftest2.o
configure:4314: $? = 0
configure:4326: result: yes
configure:4345: checking dependency style of gcc
configure:4456: result: gcc3
configure:4471: checking for a sed that does not truncate output
configure:4535: result: /bin/sed
configure:4553: checking for grep that handles long lines and -e
configure:4611: result: /bin/grep
configure:4616: checking for egrep
configure:4678: result: /bin/grep -E
configure:4683: checking for fgrep
configure:4745: result: /bin/grep -F
configure:4780: checking for ld used by gcc
configure:4847: result: /usr/bin/ld
configure:4854: checking if the linker (/usr/bin/ld) is GNU ld
configure:4869: result: yes
configure:4881: checking for BSD- or MS-compatible name lister (nm)
configure:4935: result: /usr/bin/nm -B
configure:5065: checking the name lister (/usr/bin/nm -B) interface
configure:5072: gcc -c -g -O2  conftest.c >&5
configure:5075: /usr/bin/nm -B "conftest.o"
configure:5078: output
0000000000000000 B some_variable
configure:5085: result: BSD nm
configure:5088: checking whether ln -s works
configure:5092: result: yes
configure:5100: checking the maximum length of command line arguments
configure:5231: result: 1572864
configure:5279: checking how to convert x86_64-pc-linux-gnu file names to x86_64-pc-linux-gnu format
configure:5319: result: func_convert_file_noop
configure:5326: checking how to convert x86_64-pc-linux-gnu file names to toolchain format
configure:5346: result: func_convert_file_noop
configure:5353: checking for /usr/bin/ld option to reload object files
configure:5360: result: -r
configure:5434: checking for objdump
configure:5450: found /usr/bin/objdump
configure:5461: result: objdump
configure:5493: checking how to recognize dependent libraries
configure:5693: result: pass_all
configure:5778: checking for dlltool
configure:5808: result: no
configure:5838: checking how to associate runtime and link libraries
configure:5865: result: printf %s\n
configure:5926: checking for ar
configure:5942: found /usr/bin/ar
configure:5953: result: ar
configure:5990: checking for archiver @FILE support
configure:6007: gcc -c -g -O2  conftest.c >&5
configure:6007: $? = 0
configure:6010: ar cru libconftest.a @conftest.lst >&5
ar: `u' modifier ignored since `D' is the default (see `U')
configure:6013: $? = 0
configure:6018: ar cru libconftest.a @conftest.lst >&5
ar: `u' modifier ignored since `D' is the default (see `U')
ar: conftest.o: No such file or directory
configure:6021: $? = 1
configure:6033: result: @
configure:6091: checking for strip
configure:6107: found /usr/bin/strip
configure:6118: result: strip
configure:6190: checking for ranlib
configure:6206: found /usr/bin/ranlib
configure:6217: result: ranlib
configure:6319: checking command to parse /usr/bin/nm -B output from gcc object
configure:6472: gcc -c -g -O2  conftest.c >&5
configure:6475: $? = 0
configure:6479: /usr/bin/nm -B conftest.o \| sed -n -e 's/^.*[ ]\([ABCDGIRSTW][ABCDGIRSTW]*\)[ ][ ]*\([_A-Za-z][_A-Za-z0-9]*\)$/\1 \2 \2/p' | sed '/ __gnu_lto/d' \> conftest.nm
configure:6482: $? = 0
configure:6548: gcc -o conftest -g -O2   conftest.c conftstm.o >&5
configure:6551: $? = 0
configure:6589: result: ok
configure:6636: checking for sysroot
configure:6666: result: no
configure:6673: checking for a working dd
configure:6711: result: /bin/dd
configure:6715: checking how to truncate binary pipes
configure:6730: result: /bin/dd bs=4096 count=1
configure:6866: gcc -c -g -O2  conftest.c >&5
configure:6869: $? = 0
configure:7059: checking for mt
configure:7075: found /bin/mt
configure:7086: result: mt
configure:7109: checking if mt is a manifest tool
configure:7115: mt '-?'
configure:7123: result: no
configure:7800: checking how to run the C preprocessor
configure:7831: gcc -E  conftest.c
configure:7831: $? = 0
configure:7845: gcc -E  conftest.c
conftest.c:11:28: fatal error: ac_nonexistent.h: No such file or directory
compilation terminated.
configure:7845: $? = 1
configure: failed program was:
| /* confdefs.h */
| #define PACKAGE_NAME "taulop"
| #define PACKAGE_TARNAME "taulop"
| #define PACKAGE_VERSION "0.1"
| #define PACKAGE_STRING "taulop 0.1"
| #define PACKAGE_BUGREPORT "jarico@unex.es"
| #define PACKAGE_URL ""
| #define PACKAGE "taulop"
| #define VERSION "0.1"
| /* end confdefs.h.  */
| #include <ac_nonexistent.h>
configure:7870: result: gcc -E
configure:7890: gcc -E  conftest.c
configure:7890: $? = 0
configure:7904: gcc -E  conftest.c
conftest.c:11:28: fatal error: ac_nonexistent.h: No such file or directory
compilation terminated.
configure:7904: $? = 1
configure: failed program was:
| /* confdefs.h */
| #define PACKAGE_NAME "taulop"
| #define PACKAGE_TARNAME "taulop"
| #define PACKAGE_VERSION "0.1"
| #define PACKAGE_STRING "taulop 0.1"
| #define PACKAGE_BUGREPORT "jarico@unex.es"
| #define PACKAGE_URL ""
| #define PACKAGE "taulop"
| #define VERSION "0.1"
| /* end confdefs.h.  */
| #include <ac_nonexistent.h>
configure:7933: checking for ANSI C header files
configure:7953: gcc -c -g -O2  conftest.c >&5
configure:7953: $? = 0
configure:8026: gcc -o conftest -g -O2   conftest.c  >&5
configure:8026: $? = 0
configure:8026: ./conftest
configure:8026: $? = 0
configure:8037: result: yes
configure:8050: checking for sys/types.h
configure:8050: gcc -c -g -O2  conftest.c >&5
configure:8050: $? = 0
configure:8050: result: yes
configure:8050: checking for sys/stat.h
configure:8050: gcc -c -g -O2  conftest.c >&5
configure:8050: $? = 0
configure:8050: result: yes
configure:8050: checking for stdlib.h
configure:8050: gcc -c -g -O2  conftest.c >&5
configure:8050: $? = 0
configure:8050: result: yes
configure:8050: checking for string.h
configure:8050: gcc -c -g -O2  conftest.c >&5
configure:8050: $? = 0
configure:8050: result: yes
configure:8050: checking for memory.h
configure:8050: gcc -c -g -O2  conftest.c >&5
configure:8050: $? = 0
configure:8050: result: yes
configure:8050: checking for strings.h
configure:8050: gcc -c -g -O2  conftest.c >&5
configure:8050: $? = 0
configure:8050: result: yes
configure:8050: checking for inttypes.h
configure:8050: gcc -c -g -O2  conftest.c >&5
configure:8050: $? = 0
configure:8050: result: yes
configure:8050: checking for stdint.h
configure:8050: gcc -c -g -O2  conftest.c >&5
configure:8050: $? = 0
configure:8050: result: yes
configure:8050: checking for unistd.h
configure:8050: gcc -c -g -O2  conftest.c >&5
configure:8050: $? = 0
configure:8050: result: yes
configure:8064: checking for dlfcn.h
configure:8064: gcc -c -g -O2  conftest.c >&5
configure:8064: $? = 0
configure:8064: result: yes
configure:8331: checking for objdir
configure:8346: result: .libs
configure:8606: checking if gcc supports -fno-rtti -fno-exceptions
configure:8624: gcc -c -g -O2  -fno-rtti -fno-exceptions conftest.c >&5
cc1: warning: command line option '-fno-rtti' is valid for C++/ObjC++ but not for C
configure:8628: $? = 0
configure:8641: result: no
configure:8999: checking for gcc option to produce PIC
configure:9006: result: -fPIC -DPIC
configure:9014: checking if gcc PIC flag -fPIC -DPIC works
configure:9032: gcc -c -g -O2  -fPIC -DPIC -DPIC conftest.c >&5
configure:9036: $? = 0
configure:9049: result: yes
configure:9078: checking if gcc static flag -static works
configure:9106: result: yes
configure:9121: checking if gcc supports -c -o file.o
configure:9142: gcc -c -g -O2  -o out/conftest2.o conftest.c >&5
configure:9146: $? = 0
configure:9168: result: yes
configure:9176: checking if gcc supports -c -o file.o
configure:9223: result: yes
configure:9256: checking whether the gcc linker (/usr/bin/ld -m elf_x86_64) supports shared libraries
configure:10519: result: yes
configure:10556: checking whether -lc should be explicitly linked in
configure:10564: gcc -c -g -O2  conftest.c >&5
configure:10567: $? = 0
configure:10582: gcc -shared  -fPIC -DPIC conftest.o  -v -Wl,-soname -Wl,conftest -o conftest 2\>\&1 \| /bin/grep  -lc  \>/dev/null 2\>\&1
configure:10585: $? = 0
configure:10599: result: no
configure:10759: checking dynamic linker characteristics
configure:11340: gcc -o conftest -g -O2   -Wl,-rpath -Wl,/foo conftest.c  >&5
configure:11340: $? = 0
configure:11589: result: GNU/Linux ld.so
configure:11711: checking how to hardcode library paths into programs
configure:11736: result: immediate
configure:12284: checking whether stripping libraries is possible
configure:12289: result: yes
configure:12324: checking if libtool supports shared libraries
configure:12326: result: yes
configure:12329: checking whether to build shared libraries
configure:12354: result: yes
configure:12357: checking whether to build static libraries
configure:12361: result: yes
configure:12384: checking how to run the C++ preprocessor
configure:12411: g++ -E  conftest.cpp
configure:12411: $? = 0
configure:12425: g++ -E  conftest.cpp
conftest.cpp:23:28: fatal error: ac_nonexistent.h: No such file or directory
compilation terminated.
configure:12425: $? = 1
configure: failed program was:
| /* confdefs.h */
| #define PACKAGE_NAME "taulop"
| #define PACKAGE_TARNAME "taulop"
| #define PACKAGE_VERSION "0.1"
| #define PACKAGE_STRING "taulop 0.1"
| #define PACKAGE_BUGREPORT "jarico@unex.es"
| #define PACKAGE_URL ""
| #define PACKAGE "taulop"
| #define VERSION "0.1"
| #define STDC_HEADERS 1
| #define HAVE_SYS_TYPES_H 1
| #define HAVE_SYS_STAT_H 1
| #define HAVE_STDLIB_H 1
| #define HAVE_STRING_H 1
| #define HAVE_MEMORY_H 1
| #define HAVE_STRINGS_H 1
| #define HAVE_INTTYPES_H 1
| #define HAVE_STDINT_H 1
| #define HAVE_UNISTD_H 1
| #define HAVE_DLFCN_H 1
| #define LT_OBJDIR ".libs/"
| /* end confdefs.h.  */
| #include <ac_nonexistent.h>
configure:12450: result: g++ -E
configure:12470: g++ -E  conftest.cpp
configure:12470: $? = 0
configure:12484: g++ -E  conftest.cpp
conftest.cpp:23:28: fatal error: ac_nonexistent.h: No such file or directory
compilation terminated.
configure:12484: $? = 1
configure: failed program was:
| /* confdefs.h */
| #define PACKAGE_NAME "taulop"
| #define PACKAGE_TARNAME "taulop"
| #define PACKAGE_VERSION "0.1"
| #define PACKAGE_STRING "taulop 0.1"
| #define PACKAGE_BUGREPORT "jarico@unex.es"
| #define PACKAGE_URL ""
| #define PACKAGE "taulop"
| #define VERSION "0.1"
| #define STDC_HEADERS 1
| #define HAVE_SYS_TYPES_H 1
| #define HAVE_SYS_STAT_H 1
| #define HAVE_STDLIB_H 1
| #define HAVE_STRING_H 1
| #define HAVE_MEMORY_H 1
| #define HAVE_STRINGS_H 1
| #define HAVE_INTTYPES_H 1
| #define HAVE_STDINT_H 1
| #define HAVE_UNISTD_H 1
| #define HAVE_DLFCN_H 1
| #define LT_OBJDIR ".libs/"
| /* end confdefs.h.  */
| #include <ac_nonexistent.h>
configure:12646: checking for ld used by g++
configure:12713: result: /usr/bin/ld -m elf_x86_64
configure:12720: checking if the linker (/usr/bin/ld -m elf_x86_64) is GNU ld
configure:12735: result: yes
configure:12790: checking whether the g++ linker (/usr/bin/ld -m elf_x86_64) supports shared libraries
configure:13863: result: yes
configure:13899: g++ -c -g -O2  conftest.cpp >&5
configure:13902: $? = 0
configure:14383: checking for g++ option to produce PIC
configure:14390: result: -fPIC -DPIC
configure:14398: checking if g++ PIC flag -fPIC -DPIC works
configure:14416: g++ -c -g -O2  -fPIC -DPIC -DPIC conftest.cpp >&5
configure:14420: $? = 0
configure:14433: result: yes
configure:14456: checking if g++ static flag -static works
configure:14484: result: yes
configure:14496: checking if g++ supports -c -o file.o
configure:14517: g++ -c -g -O2  -o out/conftest2.o conftest.cpp >&5
configure:14521: $? = 0
configure:14543: result: yes
configure:14548: checking if g++ supports -c -o file.o
configure:14595: result: yes
configure:14625: checking whether the g++ linker (/usr/bin/ld -m elf_x86_64) supports shared libraries
configure:14668: result: yes
configure:14809: checking dynamic linker characteristics
configure:15566: result: GNU/Linux ld.so
configure:15631: checking how to hardcode library paths into programs
configure:15656: result: immediate
configure:15830: checking that generated files are newer than configure
configure:15836: result: done
configure:15863: creating ./config.status

## ---------------------- ##
## Running config.status. ##
## ---------------------- ##

This file was extended by taulop config.status 0.1, which was
generated by GNU Autoconf 2.69.  Invocation command line was

  CONFIG_FILES    = 
  CONFIG_HEADERS  = 
  CONFIG_LINKS    = 
  CONFIG_COMMANDS = 
  $ ./config.status 

on sergiohp

config.status:1147: creating Makefile
config.status:1147: creating config.h
config.status:1328: config.h is unchanged
config.status:1376: executing depfiles commands
config.status:1376: executing libtool commands

## ---------------- ##
## Cache variables. ##
## ---------------- ##

ac_cv_build=x86_64-pc-linux-gnu
ac_cv_c_compiler_gnu=yes
ac_cv_cxx_compiler_gnu=yes
ac_cv_env_CCC_set=
ac_cv_env_CCC_value=
ac_cv_env_CC_set=
ac_cv_env_CC_value=
ac_cv_env_CFLAGS_set=
ac_cv_env_CFLAGS_value=
ac_cv_env_CPPFLAGS_set=
ac_cv_env_CPPFLAGS_value=
ac_cv_env_CPP_set=
ac_cv_env_CPP_value=
ac_cv_env_CXXCPP_set=
ac_cv_env_CXXCPP_value=
ac_cv_env_CXXFLAGS_set=
ac_cv_env_CXXFLAGS_value=
ac_cv_env_CXX_set=
ac_cv_env_CXX_value=
ac_cv_env_LDFLAGS_set=
ac_cv_env_LDFLAGS_value=
ac_cv_env_LIBS_set=
ac_cv_env_LIBS_value=
ac_cv_env_LT_SYS_LIBRARY_PATH_set=
ac_cv_env_LT_SYS_LIBRARY_PATH_value=
ac_cv_env_build_alias_set=
ac_cv_env_build_alias_value=
ac_cv_env_host_alias_set=
ac_cv_env_host_alias_value=
ac_cv_env_target_alias_set=
ac_cv_env_target_alias_value=
ac_cv_header_dlfcn_h=yes
ac_cv_header_inttypes_h=yes
ac_cv_header_memory_h=yes
ac_cv_header_stdc=yes
ac_cv_header_stdint_h=yes
ac_cv_header_stdlib_h=yes
ac_cv_header_string_h=yes
ac_cv_header_strings_h=yes
ac_cv_header_sys_stat_h=yes
ac_cv_header_sys_types_h=yes
ac_cv_header_unistd_h=yes
ac_cv_host=x86_64-pc-linux-gnu
ac_cv_objext=o
ac_cv_path_EGREP='/bin/grep -E'
ac_cv_path_FGREP='/bin/grep -F'
ac_cv_path_GREP=/bin/grep
ac_cv_path_SED=/bin/sed
ac_cv_path_install='/usr/bin/install -c'
ac_cv_path_lt_DD=/bin/dd
ac_cv_path_mkdir=/bin/mkdir
ac_cv_prog_AWK=mawk
ac_cv_prog_CPP='gcc -E'
ac_cv_prog_CXXCPP='g++ -E'
ac_cv_prog_ac_ct_AR=ar
ac_cv_prog_ac_ct_CC=gcc
ac_cv_prog_ac_ct_CXX=g++
ac_cv_prog_ac_ct_MANIFEST_TOOL=mt
ac_cv_prog_ac_ct_OBJDUMP=objdump
ac_cv_prog_ac_ct_RANLIB=ranlib
ac_cv_prog_ac_ct_STRIP=strip
ac_cv_prog_cc_c89=
ac_cv_prog_cc_g=yes
ac_cv_prog_cxx_g=yes
ac_cv_prog_make_make_set=yes
am_cv_CC_dependencies_compiler_type=gcc3
am_cv_CXX_dependencies_compiler_type=gcc3
am_cv_make_support_nested_variables=yes
am_cv_prog_cc_c_o=yes
lt_cv_ar_at_file=@
lt_cv_archive_cmds_need_lc=no
lt_cv_deplibs_check_method=pass_all
lt_cv_file_magic_cmd='$MAGIC_CMD'
lt_cv_file_magic_test_file=
lt_cv_ld_reload_flag=-r
lt_cv_nm_interface='BSD nm'
lt_cv_objdir=.libs
lt_cv_path_LD=/usr/bin/ld
lt_cv_path_LDCXX='/usr/bin/ld -m elf_x86_64'
lt_cv_path_NM='/usr/bin/nm -B'
lt_cv_path_mainfest_tool=no
lt_cv_prog_compiler_c_o=yes
lt_cv_prog_compiler_c_o_CXX=yes
lt_cv_prog_compiler_pic='-fPIC -DPIC'
lt_cv_prog_compiler_pic_CXX='-fPIC -DPIC'
lt_cv_prog_compiler_pic_works=yes
lt_cv_prog_compiler_pic_works_CXX=yes
lt_cv_prog_compiler_rtti_exceptions=no
lt_cv_prog_compiler_static_works=yes
lt_cv_prog_compiler_static_works_CXX=yes
lt_cv_prog_gnu_ld=yes
lt_cv_prog_gnu_ldcxx=yes
lt_cv_sharedlib_from_linklib_cmd='printf %s\n'
lt_cv_shlibpath_overrides_runpath=no
lt_cv_sys_global_symbol_pipe='sed -n -e '\''s/^.*[	 ]\([ABCDGIRSTW][ABCDGIRSTW]*\)[	 ][	 ]*\([_A-Za-z][_A-Za-z0-9]*\)$/\1 \2 \2/p'\'' | sed '\''/ __gnu_lto/d'\'''
lt_cv_sys_global_symbol_to_c_name_address='sed -n -e '\''s/^: \(.*\) .*$/  {"\1", (void *) 0},/p'\'' -e '\''s/^[ABCDGIRSTW][ABCDGIRSTW]* .* \(.*\)$/  {"\1", (void *) \&\1},/p'\'''
lt_cv_sys_global_symbol_to_c_name_address_lib_prefix='sed -n -e '\''s/^: \(.*\) .*$/  {"\1", (void *) 0},/p'\'' -e '\''s/^[ABCDGIRSTW][ABCDGIRSTW]* .* \(lib.*\)$/  {"\1", (void *) \&\1},/p'\'' -e '\''s/^[ABCDGIRSTW][ABCDGIRSTW]* .* \(.*\)$/  {"lib\1", (void *) \&\1},/p'\'''
lt_cv_sys_global_symbol_to_cdecl='sed -n -e '\''s/^T .* \(.*\)$/extern int \1();/p'\'' -e '\''s/^[ABCDGIRSTW][ABCDGIRSTW]* .* \(.*\)$/extern char \1;/p'\'''
lt_cv_sys_global_symbol_to_import=
lt_cv_sys_max_cmd_len=1572864
lt_cv_to_host_file_cmd=func_convert_file_noop
lt_cv_to_tool_file_cmd=func_convert_file_noop
lt_cv_truncate_bin='/bin/dd bs=4096 count=1'

## ----------------- ##
## Output variables. ##
## ----------------- ##

ACLOCAL='${SHELL} /home/sergio/taulop_toolbox/taulop_lib/kernel/missing aclocal-1.15'
AMDEPBACKSLASH='\'
AMDEP_FALSE='#'
AMDEP_TRUE=''
AMTAR='$${TAR-tar}'
AM_BACKSLASH='\'
AM_DEFAULT_V='$(AM_DEFAULT_VERBOSITY)'
AM_DEFAULT_VERBOSITY='1'
AM_V='$(V)'
AR='ar'
AUTOCONF='${SHELL} /home/sergio/taulop_toolbox/taulop_lib/kernel/missing autoconf'
AUTOHEADER='${SHELL} /home/sergio/taulop_toolbox/taulop_lib/kernel/missing autoheader'
AUTOMAKE='${SHELL} /home/sergio/taulop_toolbox/taulop_lib/kernel/missing automake-1.15'
AWK='mawk'
CC='gcc'
CCDEPMODE='depmode=gcc3'
CFLAGS='-g -O2'
CPP='gcc -E'
CPPFLAGS=''
CXX='g++'
CXXCPP='g++ -E'
CXXDEPMODE='depmode=gcc3'
CXXFLAGS='-g -O2'
CYGPATH_W='echo'
DEFS='-DHAVE_CONFIG_H'
DEPDIR='.deps'
DLLTOOL='false'
DSYMUTIL=''
DUMPBIN=''
ECHO_C=''
ECHO_N='-n'
ECHO_T=''
EGREP='/bin/grep -E'
EXEEXT=''
FGREP='/bin/grep -F'
GREP='/bin/grep'
INSTALL_DATA='${INSTALL} -m 644'
INSTALL_PROGRAM='${INSTALL}'
INSTALL_SCRIPT='${INSTALL}'
INSTALL_STRIP_PROGRAM='$(install_sh) -c -s'
LD='/usr/bin/ld -m elf_x86_64'
LDFLAGS=''
LIBOBJS=''
LIBS=''
LIBTOOL='$(SHELL) $(top_builddir)/libtool'
LIPO=''
LN_S='ln -s'
LTLIBOBJS=''
LT_SYS_LIBRARY_PATH=''
MAKEINFO='${SHELL} /home/sergio/taulop_toolbox/taulop_lib/kernel/missing makeinfo'
MANIFEST_TOOL=':'
MKDIR_P='/bin/mkdir -p'
NM='/usr/bin/nm -B'
NMEDIT=''
OBJDUMP='objdump'
OBJEXT='o'
OTOOL64=''
OTOOL=''
PACKAGE='taulop'
PACKAGE_BUGREPORT='jarico@unex.es'
PACKAGE_NAME='taulop'
PACKAGE_STRING='taulop 0.1'
PACKAGE_TARNAME='taulop'
PACKAGE_URL=''
PACKAGE_VERSION='0.1'
PATH_SEPARATOR=':'
RANLIB='ranlib'
SED='/bin/sed'
SET_MAKE=''
SHELL='/bin/bash'
STRIP='strip'
VERSION='0.1'
ac_ct_AR='ar'
ac_ct_CC='gcc'
ac_ct_CXX='g++'
ac_ct_DUMPBIN=''
am__EXEEXT_FALSE=''
am__EXEEXT_TRUE='#'
am__fastdepCC_FALSE='#'
am__fastdepCC_TRUE=''
am__fastdepCXX_FALSE='#'
am__fastdepCXX_TRUE=''
am__include='include'
am__isrc=''
am__leading_dot='.'
am__nodep='_no'
am__quote=''
am__tar='$${TAR-tar} chof - "$$tardir"'
am__untar='$${TAR-tar} xf -'
bindir='${exec_prefix}/bin'
build='x86_64-pc-linux-gnu'
build_alias=''
build_cpu='x86_64'
build_os='linux-gnu'
build_vendor='pc'
datadir='${datarootdir}'
datarootdir='${prefix}/share'
docdir='${datarootdir}/doc/${PACKAGE_TARNAME}'
dvidir='${docdir}'
exec_prefix='${prefix}'
host='x86_64-pc-linux-gnu'
host_alias=''
host_cpu='x86_64'
host_os='linux-gnu'
host_vendor='pc'
htmldir='${docdir}'
includedir='${prefix}/include'
infodir='${datarootdir}/info'
install_sh='${SHELL} /home/sergio/taulop_toolbox/taulop_lib/kernel/install-sh'
libdir='${exec_prefix}/lib'
libexecdir='${exec_prefix}/libexec'
localedir='${datarootdir}/locale'
localstatedir='${prefix}/var'
mandir='${datarootdir}/man'
mkdir_p='$(MKDIR_P)'
oldincludedir='/usr/include'
pdfdir='${docdir}'
prefix='/usr/local'
program_transform_name='s,x,x,'
psdir='${docdir}'
runstatedir='${localstatedir}/run'
sbindir='${exec_prefix}/sbin'
sharedstatedir='${prefix}/com'
sysconfdir='${prefix}/etc'
target_alias=''

## ----------- ##
## confdefs.h. ##
## ----------- ##

/* confdefs.h */
#define PACKAGE_NAME "taulop"
#define PACKAGE_TARNAME "taulop"
#define PACKAGE_VERSION "0.1"
#define PACKAGE_STRING "taulop 0.1"
#define PACKAGE_BUGREPORT "jarico@unex.es"
#define PACKAGE_URL ""
#define PACKAGE "taulop"
#define VERSION "0.1"
#define STDC_HEADERS 1
#define HAVE_SYS_TYPES_H 1
#define HAVE_SYS_STAT_H 1
#define HAVE_STDLIB_H 1
#define HAVE_STRING_H 1
#define HAVE_MEMORY_H 1
#define HAVE_STRINGS_H 1
#define HAVE_INTTYPES_H 1
#define HAVE_STDINT_H 1
#define HAVE_UNISTD_H 1
#define HAVE_DLFCN_H 1
#define LT_OBJDIR ".libs/"

configure: exit 0
